SonarQube plugins:
  - Python Code Quality and Security 3.1.0.7619 (python)
  - CSS Code Quality and Security 1.3.1.1642 (cssfamily)
  - Go Code Quality and Security 1.8.1.1804 (go)
  - JaCoCo 1.1.0.898 (jacoco)
  - Kotlin Code Quality and Security 1.8.1.1804 (kotlin)
  - JavaScript/TypeScript Code Quality and Security 7.0.1.14561 (javascript)
  - Ruby Code Quality and Security 1.8.1.1804 (ruby)
  - Scala Code Quality and Security 1.8.1.1804 (sonarscala)
  - C# Code Quality and Security 8.15.0.24505 (csharp)
  - Java Code Quality and Security 6.9.0.23563 (java)
  - HTML Code Quality and Security 3.3.0.2534 (web)
  - Flex Code Quality and Security 2.6.0.2294 (flex)
  - SonarXML 2.0.1.2020 (xml)
  - PHP Code Quality and Security 3.13.0.6849 (php)
  - VB.NET Code Quality and Security 8.15.0.24505 (vbnet)
Global server settings:
  - sonar.core.id=BF41A1F2-AXeh8Zm2SjXkurxishMT
  - sonar.core.startTime=2021-02-14T19:08:11+0000
  - sonar.forceAuthentication=true
Project server settings:
Project scanner properties:
  - sonar.exclusions=vendor/**,pkg/connectors/**,pkg/domain/**,pkg/service/**,pkg/impl/**,cmd/**,pkg/handlers/*_test.go,pkg/schema/**,pkg/validator/*_test.go,pkg/eventbus/*_test.go,tests/**,*.json,*.txt,*.yml,*.xml,*.sh,Dockerfile,*.properties
  - sonar.go.coverage.reportPaths=tests/results/cover.out
  - sonar.host.url=http://192.168.1.25:9000
  - sonar.language=go
  - sonar.login=******
  - sonar.projectBaseDir=/home/lzuccarelli/Projects/golang-eventbus-grpc
  - sonar.projectKey=golang-eventbus-grpc
  - sonar.projectName=golang-eventbus-grpc
  - sonar.projectVersion=1.0
  - sonar.scanner.app=ScannerCli
  - sonar.scanner.appVersion=3.3.0.1492
  - sonar.sourceEncoding=UTF-8
  - sonar.sources=.
  - sonar.verbose=true
  - sonar.working.directory=/home/lzuccarelli/Projects/golang-eventbus-grpc/.scannerwork
